<?xml version="1.0" encoding="UTF-8"?>
<coverage generated="1616441271160" clover="3.2.0">
  <project timestamp="1616441271160" name="All files">
    <metrics statements="11" coveredstatements="11" conditionals="2" coveredconditionals="2" methods="4" coveredmethods="4" elements="17" coveredelements="17" complexity="0" loc="11" ncloc="11" packages="1" files="1" classes="1"/>
    <file name="series.js" path="/Users/dominicmarkgraf/Documents/LS/JS130/Challenges2/Easy/Series_/series.js">
      <metrics statements="11" coveredstatements="11" conditionals="2" coveredconditionals="2" methods="4" coveredmethods="4"/>
      <line num="59" count="85" type="stmt"/>
      <line num="64" count="15" type="stmt"/>
      <line num="65" count="13" type="stmt"/>
      <line num="67" count="13" type="stmt"/>
      <line num="68" count="44" type="stmt"/>
      <line num="70" count="13" type="stmt"/>
      <line num="74" count="15" type="cond" truecount="2" falsecount="0"/>
      <line num="75" count="2" type="stmt"/>
      <line num="79" count="1" type="stmt"/>
      <line num="81" count="1" type="stmt"/>
      <line num="82" count="1" type="stmt"/>
    </file>
  </project>
</coverage>
