{"/Users/dominicmarkgraf/Documents/LS/JS130/Challenges2/Easy/Series_/series.js": {"path":"/Users/dominicmarkgraf/Documents/LS/JS130/Challenges2/Easy/Series_/series.js","statementMap":{"0":{"start":{"line":59,"column":8},"end":{"line":59,"column":71}},"1":{"start":{"line":59,"column":54},"end":{"line":59,"column":69}},"2":{"start":{"line":64,"column":8},"end":{"line":64,"column":33}},"3":{"start":{"line":65,"column":22},"end":{"line":65,"column":24}},"4":{"start":{"line":67,"column":8},"end":{"line":69,"column":9}},"5":{"start":{"line":67,"column":25},"end":{"line":67,"column":26}},"6":{"start":{"line":68,"column":12},"end":{"line":68,"column":66}},"7":{"start":{"line":70,"column":8},"end":{"line":70,"column":22}},"8":{"start":{"line":74,"column":8},"end":{"line":76,"column":9}},"9":{"start":{"line":75,"column":12},"end":{"line":75,"column":81}},"10":{"start":{"line":79,"column":0},"end":{"line":79,"column":24}},"11":{"start":{"line":81,"column":13},"end":{"line":81,"column":32}},"12":{"start":{"line":82,"column":0},"end":{"line":82,"column":29}}},"fnMap":{"0":{"name":"(anonymous_0)","decl":{"start":{"line":58,"column":4},"end":{"line":58,"column":5}},"loc":{"start":{"line":58,"column":24},"end":{"line":61,"column":5}},"line":58},"1":{"name":"(anonymous_1)","decl":{"start":{"line":59,"column":43},"end":{"line":59,"column":44}},"loc":{"start":{"line":59,"column":54},"end":{"line":59,"column":69}},"line":59},"2":{"name":"(anonymous_2)","decl":{"start":{"line":63,"column":4},"end":{"line":63,"column":5}},"loc":{"start":{"line":63,"column":19},"end":{"line":71,"column":5}},"line":63},"3":{"name":"(anonymous_3)","decl":{"start":{"line":73,"column":4},"end":{"line":73,"column":5}},"loc":{"start":{"line":73,"column":21},"end":{"line":77,"column":5}},"line":73}},"branchMap":{"0":{"loc":{"start":{"line":74,"column":8},"end":{"line":76,"column":9}},"type":"if","locations":[{"start":{"line":74,"column":8},"end":{"line":76,"column":9}},{"start":{"line":74,"column":8},"end":{"line":76,"column":9}}],"line":74}},"s":{"0":15,"1":85,"2":15,"3":13,"4":13,"5":13,"6":44,"7":13,"8":15,"9":2,"10":1,"11":1,"12":1},"f":{"0":15,"1":85,"2":15,"3":15},"b":{"0":[2,13]},"_coverageSchema":"1a1c01bbd47fc00a2c39e90264f33305004495a9","hash":"b3c2b8e69be5c9868e8caa4615e9d109b44399d6"}
}
